2020-08-07 11:56:26 [89.207.92.225][-][-][error][Error] Error: Class 'app\models\residentname\Country' not found in /var/www/opticatu/data/www/katoikonim.ru/frontend/controllers/ResidentnameController.php:85
Stack trace:
#0 [internal function]: frontend\controllers\ResidentnameController->actionCountriesList()
#1 /var/www/opticatu/data/www/katoikonim.ru/vendor/yiisoft/yii2/base/InlineAction.php(57): call_user_func_array(Array, Array)
#2 /var/www/opticatu/data/www/katoikonim.ru/vendor/yiisoft/yii2/base/Controller.php(157): yii\base\InlineAction->runWithParams(Array)
#3 /var/www/opticatu/data/www/katoikonim.ru/vendor/yiisoft/yii2/base/Module.php(528): yii\base\Controller->runAction('countries-list', Array)
#4 /var/www/opticatu/data/www/katoikonim.ru/vendor/yiisoft/yii2/web/Application.php(103): yii\base\Module->runAction('residentname/co...', Array)
#5 /var/www/opticatu/data/www/katoikonim.ru/vendor/yiisoft/yii2/base/Application.php(386): yii\web\Application->handleRequest(Object(yii\web\Request))
#6 /var/www/opticatu/data/www/katoikonim.ru/frontend/web/index.php(16): yii\base\Application->run()
#7 {main}
2020-08-07 11:56:26 [89.207.92.225][-][-][info][application] $_GET = []

$_POST = []

$_FILES = []

$_COOKIE = [
    '_csrf-frontend' => '4ab1b6951c3958ff6d2693a02f2f8ab0fad0ebcc7b09473a8885dd30f6129129a:2:{i:0;s:14:\"_csrf-frontend\";i:1;s:32:\"hXDvSyZiecdOo0I1BjcB-b7a2NF1Rj9V\";}'
]

$_SERVER = [
    'PATH' => '/usr/local/bin:/usr/bin:/bin'
    'TEMP' => '/tmp'
    'TMP' => '/tmp'
    'TMPDIR' => '/tmp'
    'PWD' => '/'
    'HTTP_ACCEPT' => 'text/html,application/xhtml+xml,application/xml;q=0.9,image/webp,*/*;q=0.8'
    'HTTP_ACCEPT_ENCODING' => 'gzip, deflate, br'
    'HTTP_ACCEPT_LANGUAGE' => 'ru-RU,ru;q=0.8,en-US;q=0.5,en;q=0.3'
    'HTTP_CONNECTION' => 'close'
    'CONTENT_LENGTH' => '0'
    'HTTP_COOKIE' => '_csrf-frontend=4ab1b6951c3958ff6d2693a02f2f8ab0fad0ebcc7b09473a8885dd30f6129129a%3A2%3A%7Bi%3A0%3Bs%3A14%3A%22_csrf-frontend%22%3Bi%3A1%3Bs%3A32%3A%22hXDvSyZiecdOo0I1BjcB-b7a2NF1Rj9V%22%3B%7D'
    'HTTP_HOST' => 'katoikonim.ru'
    'HTTP_REFERER' => 'https://katoikonim.ru/frontend/web/countries'
    'HTTP_USER_AGENT' => 'Mozilla/5.0 (Windows NT 10.0; Win64; x64; rv:79.0) Gecko/20100101 Firefox/79.0'
    'HTTP_CACHE_CONTROL' => 'max-age=0'
    'HTTP_X_FORWARDED_PROTO' => 'https'
    'HTTP_X_FORWARDED_PORT' => '443'
    'HTTP_UPGRADE_INSECURE_REQUESTS' => '1'
    'REDIRECT_HTTPS' => 'on'
    'REDIRECT_UNIQUE_ID' => 'Xy0XOnWkhhXCQfeUNG7cnQAAAB4'
    'REDIRECT_PERL5LIB' => '/usr/share/awstats/lib:/usr/share/awstats/plugins'
    'REDIRECT_STATUS' => '200'
    'HTTPS' => 'on'
    'UNIQUE_ID' => 'Xy0XOnWkhhXCQfeUNG7cnQAAAB4'
    'PERL5LIB' => '/usr/share/awstats/lib:/usr/share/awstats/plugins'
    'SERVER_SIGNATURE' => ''
    'SERVER_SOFTWARE' => 'Apache/2.4.6 () OpenSSL/1.0.2k-fips mod_fcgid/2.3.9 PHP/5.4.16'
    'SERVER_NAME' => 'katoikonim.ru'
    'SERVER_ADDR' => '127.0.0.1'
    'SERVER_PORT' => '80'
    'REMOTE_ADDR' => '89.207.92.225'
    'DOCUMENT_ROOT' => '/var/www/opticatu/data/www/katoikonim.ru'
    'REQUEST_SCHEME' => 'http'
    'CONTEXT_PREFIX' => ''
    'CONTEXT_DOCUMENT_ROOT' => '/var/www/opticatu/data/www/katoikonim.ru'
    'SERVER_ADMIN' => 'admin@katoikonim.ru'
    'SCRIPT_FILENAME' => '/var/www/opticatu/data/www/katoikonim.ru/frontend/web/index.php'
    'REMOTE_PORT' => '58534'
    'REDIRECT_URL' => '/frontend/web/countries'
    'SERVER_PROTOCOL' => 'HTTP/1.0'
    'REQUEST_METHOD' => 'GET'
    'QUERY_STRING' => ''
    'REQUEST_URI' => '/frontend/web/countries'
    'SCRIPT_NAME' => '/frontend/web/index.php'
    'PHP_SELF' => '/frontend/web/index.php'
    'REQUEST_TIME_FLOAT' => 1596790586.5272
    'REQUEST_TIME' => 1596790586
]
2020-08-07 11:56:29 [89.207.92.225][-][-][error][Error] Error: Class 'app\models\residentname\Country' not found in /var/www/opticatu/data/www/katoikonim.ru/frontend/controllers/ResidentnameController.php:85
Stack trace:
#0 [internal function]: frontend\controllers\ResidentnameController->actionCountriesList()
#1 /var/www/opticatu/data/www/katoikonim.ru/vendor/yiisoft/yii2/base/InlineAction.php(57): call_user_func_array(Array, Array)
#2 /var/www/opticatu/data/www/katoikonim.ru/vendor/yiisoft/yii2/base/Controller.php(157): yii\base\InlineAction->runWithParams(Array)
#3 /var/www/opticatu/data/www/katoikonim.ru/vendor/yiisoft/yii2/base/Module.php(528): yii\base\Controller->runAction('countries-list', Array)
#4 /var/www/opticatu/data/www/katoikonim.ru/vendor/yiisoft/yii2/web/Application.php(103): yii\base\Module->runAction('residentname/co...', Array)
#5 /var/www/opticatu/data/www/katoikonim.ru/vendor/yiisoft/yii2/base/Application.php(386): yii\web\Application->handleRequest(Object(yii\web\Request))
#6 /var/www/opticatu/data/www/katoikonim.ru/frontend/web/index.php(16): yii\base\Application->run()
#7 {main}
2020-08-07 11:56:29 [89.207.92.225][-][-][info][application] $_GET = []

$_POST = []

$_FILES = []

$_COOKIE = [
    '_csrf-frontend' => '4ab1b6951c3958ff6d2693a02f2f8ab0fad0ebcc7b09473a8885dd30f6129129a:2:{i:0;s:14:\"_csrf-frontend\";i:1;s:32:\"hXDvSyZiecdOo0I1BjcB-b7a2NF1Rj9V\";}'
]

$_SERVER = [
    'PATH' => '/usr/local/bin:/usr/bin:/bin'
    'TEMP' => '/tmp'
    'TMP' => '/tmp'
    'TMPDIR' => '/tmp'
    'PWD' => '/'
    'HTTP_ACCEPT' => 'text/html,application/xhtml+xml,application/xml;q=0.9,image/webp,*/*;q=0.8'
    'HTTP_ACCEPT_ENCODING' => 'gzip, deflate, br'
    'HTTP_ACCEPT_LANGUAGE' => 'ru-RU,ru;q=0.8,en-US;q=0.5,en;q=0.3'
    'HTTP_CONNECTION' => 'close'
    'CONTENT_LENGTH' => '0'
    'HTTP_COOKIE' => '_csrf-frontend=4ab1b6951c3958ff6d2693a02f2f8ab0fad0ebcc7b09473a8885dd30f6129129a%3A2%3A%7Bi%3A0%3Bs%3A14%3A%22_csrf-frontend%22%3Bi%3A1%3Bs%3A32%3A%22hXDvSyZiecdOo0I1BjcB-b7a2NF1Rj9V%22%3B%7D'
    'HTTP_HOST' => 'katoikonim.ru'
    'HTTP_USER_AGENT' => 'Mozilla/5.0 (Windows NT 10.0; Win64; x64; rv:79.0) Gecko/20100101 Firefox/79.0'
    'HTTP_X_FORWARDED_PROTO' => 'https'
    'HTTP_X_FORWARDED_PORT' => '443'
    'HTTP_UPGRADE_INSECURE_REQUESTS' => '1'
    'REDIRECT_HTTPS' => 'on'
    'REDIRECT_UNIQUE_ID' => 'Xy0XPbvrLUrZ9-YPl3rgcwAAAA0'
    'REDIRECT_PERL5LIB' => '/usr/share/awstats/lib:/usr/share/awstats/plugins'
    'REDIRECT_STATUS' => '200'
    'HTTPS' => 'on'
    'UNIQUE_ID' => 'Xy0XPbvrLUrZ9-YPl3rgcwAAAA0'
    'PERL5LIB' => '/usr/share/awstats/lib:/usr/share/awstats/plugins'
    'SERVER_SIGNATURE' => ''
    'SERVER_SOFTWARE' => 'Apache/2.4.6 () OpenSSL/1.0.2k-fips mod_fcgid/2.3.9 PHP/5.4.16'
    'SERVER_NAME' => 'katoikonim.ru'
    'SERVER_ADDR' => '127.0.0.1'
    'SERVER_PORT' => '80'
    'REMOTE_ADDR' => '89.207.92.225'
    'DOCUMENT_ROOT' => '/var/www/opticatu/data/www/katoikonim.ru'
    'REQUEST_SCHEME' => 'http'
    'CONTEXT_PREFIX' => ''
    'CONTEXT_DOCUMENT_ROOT' => '/var/www/opticatu/data/www/katoikonim.ru'
    'SERVER_ADMIN' => 'admin@katoikonim.ru'
    'SCRIPT_FILENAME' => '/var/www/opticatu/data/www/katoikonim.ru/frontend/web/index.php'
    'REMOTE_PORT' => '58678'
    'REDIRECT_URL' => '/frontend/web/countries'
    'SERVER_PROTOCOL' => 'HTTP/1.0'
    'REQUEST_METHOD' => 'GET'
    'QUERY_STRING' => ''
    'REQUEST_URI' => '/frontend/web/countries'
    'SCRIPT_NAME' => '/frontend/web/index.php'
    'PHP_SELF' => '/frontend/web/index.php'
    'REQUEST_TIME_FLOAT' => 1596790589.5777
    'REQUEST_TIME' => 1596790589
]
