2020-08-07 11:55:58 [89.207.92.225][-][-][error][yii\base\ViewNotFoundException] yii\base\ViewNotFoundException: The view file does not exist: /var/www/opticatu/data/www/katoikonim.ru/views/site/index.php in /var/www/opticatu/data/www/katoikonim.ru/vendor/yiisoft/yii2/base/View.php:233
Stack trace:
#0 /var/www/opticatu/data/www/katoikonim.ru/vendor/yiisoft/yii2/base/View.php(156): yii\base\View->renderFile('/var/www/optica...', Array, Object(frontend\controllers\SiteController))
#1 /var/www/opticatu/data/www/katoikonim.ru/vendor/yiisoft/yii2/base/Controller.php(386): yii\base\View->render('index', Array, Object(frontend\controllers\SiteController))
#2 /var/www/opticatu/data/www/katoikonim.ru/frontend/controllers/SiteController.php(98): yii\base\Controller->render('index')
#3 [internal function]: frontend\controllers\SiteController->actionIndex()
#4 /var/www/opticatu/data/www/katoikonim.ru/vendor/yiisoft/yii2/base/InlineAction.php(57): call_user_func_array(Array, Array)
#5 /var/www/opticatu/data/www/katoikonim.ru/vendor/yiisoft/yii2/base/Controller.php(157): yii\base\InlineAction->runWithParams(Array)
#6 /var/www/opticatu/data/www/katoikonim.ru/vendor/yiisoft/yii2/base/Module.php(528): yii\base\Controller->runAction('', Array)
#7 /var/www/opticatu/data/www/katoikonim.ru/vendor/yiisoft/yii2/web/Application.php(103): yii\base\Module->runAction('', Array)
#8 /var/www/opticatu/data/www/katoikonim.ru/vendor/yiisoft/yii2/base/Application.php(386): yii\web\Application->handleRequest(Object(yii\web\Request))
#9 /var/www/opticatu/data/www/katoikonim.ru/frontend/web/index.php(16): yii\base\Application->run()
#10 {main}
2020-08-07 11:55:58 [89.207.92.225][-][-][info][application] $_GET = []

$_POST = []

$_FILES = []

$_COOKIE = [
    '_csrf-frontend' => '4ab1b6951c3958ff6d2693a02f2f8ab0fad0ebcc7b09473a8885dd30f6129129a:2:{i:0;s:14:\"_csrf-frontend\";i:1;s:32:\"hXDvSyZiecdOo0I1BjcB-b7a2NF1Rj9V\";}'
]

$_SERVER = [
    'PATH' => '/usr/local/bin:/usr/bin:/bin'
    'TEMP' => '/tmp'
    'TMP' => '/tmp'
    'TMPDIR' => '/tmp'
    'PWD' => '/'
    'HTTP_ACCEPT' => 'text/html,application/xhtml+xml,application/xml;q=0.9,image/webp,*/*;q=0.8'
    'HTTP_ACCEPT_ENCODING' => 'gzip, deflate, br'
    'HTTP_ACCEPT_LANGUAGE' => 'ru-RU,ru;q=0.8,en-US;q=0.5,en;q=0.3'
    'HTTP_CONNECTION' => 'close'
    'CONTENT_LENGTH' => '0'
    'HTTP_COOKIE' => '_csrf-frontend=4ab1b6951c3958ff6d2693a02f2f8ab0fad0ebcc7b09473a8885dd30f6129129a%3A2%3A%7Bi%3A0%3Bs%3A14%3A%22_csrf-frontend%22%3Bi%3A1%3Bs%3A32%3A%22hXDvSyZiecdOo0I1BjcB-b7a2NF1Rj9V%22%3B%7D'
    'HTTP_HOST' => 'katoikonim.ru'
    'HTTP_USER_AGENT' => 'Mozilla/5.0 (Windows NT 10.0; Win64; x64; rv:79.0) Gecko/20100101 Firefox/79.0'
    'HTTP_CACHE_CONTROL' => 'max-age=0'
    'HTTP_X_FORWARDED_PROTO' => 'https'
    'HTTP_X_FORWARDED_PORT' => '443'
    'HTTP_UPGRADE_INSECURE_REQUESTS' => '1'
    'REDIRECT_REDIRECT_HTTPS' => 'on'
    'REDIRECT_REDIRECT_UNIQUE_ID' => 'Xy0XHp65NW4ynR91E4ebQAAAAAA'
    'REDIRECT_REDIRECT_PERL5LIB' => '/usr/share/awstats/lib:/usr/share/awstats/plugins'
    'REDIRECT_REDIRECT_STATUS' => '200'
    'REDIRECT_HTTPS' => 'on'
    'REDIRECT_UNIQUE_ID' => 'Xy0XHp65NW4ynR91E4ebQAAAAAA'
    'REDIRECT_PERL5LIB' => '/usr/share/awstats/lib:/usr/share/awstats/plugins'
    'REDIRECT_STATUS' => '200'
    'HTTPS' => 'on'
    'UNIQUE_ID' => 'Xy0XHp65NW4ynR91E4ebQAAAAAA'
    'PERL5LIB' => '/usr/share/awstats/lib:/usr/share/awstats/plugins'
    'SERVER_SIGNATURE' => ''
    'SERVER_SOFTWARE' => 'Apache/2.4.6 () OpenSSL/1.0.2k-fips mod_fcgid/2.3.9 PHP/5.4.16'
    'SERVER_NAME' => 'katoikonim.ru'
    'SERVER_ADDR' => '127.0.0.1'
    'SERVER_PORT' => '80'
    'REMOTE_ADDR' => '89.207.92.225'
    'DOCUMENT_ROOT' => '/var/www/opticatu/data/www/katoikonim.ru'
    'REQUEST_SCHEME' => 'http'
    'CONTEXT_PREFIX' => ''
    'CONTEXT_DOCUMENT_ROOT' => '/var/www/opticatu/data/www/katoikonim.ru'
    'SERVER_ADMIN' => 'admin@katoikonim.ru'
    'SCRIPT_FILENAME' => '/var/www/opticatu/data/www/katoikonim.ru/frontend/web/index.php'
    'REMOTE_PORT' => '57046'
    'REDIRECT_URL' => '/frontend/web/cities'
    'SERVER_PROTOCOL' => 'HTTP/1.0'
    'REQUEST_METHOD' => 'GET'
    'QUERY_STRING' => ''
    'REQUEST_URI' => '/cities'
    'SCRIPT_NAME' => '/frontend/web/index.php'
    'PHP_SELF' => '/frontend/web/index.php'
    'REQUEST_TIME_FLOAT' => 1596790558.3547
    'REQUEST_TIME' => 1596790558
]
2020-08-07 11:55:58 [89.207.92.225][-][-][error][yii\base\ViewNotFoundException] yii\base\ViewNotFoundException: The view file does not exist: /var/www/opticatu/data/www/katoikonim.ru/views/site/index.php in /var/www/opticatu/data/www/katoikonim.ru/vendor/yiisoft/yii2/base/View.php:233
Stack trace:
#0 /var/www/opticatu/data/www/katoikonim.ru/vendor/yiisoft/yii2/base/View.php(156): yii\base\View->renderFile('/var/www/optica...', Array, Object(frontend\controllers\SiteController))
#1 /var/www/opticatu/data/www/katoikonim.ru/vendor/yiisoft/yii2/base/Controller.php(386): yii\base\View->render('index', Array, Object(frontend\controllers\SiteController))
#2 /var/www/opticatu/data/www/katoikonim.ru/frontend/controllers/SiteController.php(98): yii\base\Controller->render('index')
#3 [internal function]: frontend\controllers\SiteController->actionIndex()
#4 /var/www/opticatu/data/www/katoikonim.ru/vendor/yiisoft/yii2/base/InlineAction.php(57): call_user_func_array(Array, Array)
#5 /var/www/opticatu/data/www/katoikonim.ru/vendor/yiisoft/yii2/base/Controller.php(157): yii\base\InlineAction->runWithParams(Array)
#6 /var/www/opticatu/data/www/katoikonim.ru/vendor/yiisoft/yii2/base/Module.php(528): yii\base\Controller->runAction('', Array)
#7 /var/www/opticatu/data/www/katoikonim.ru/vendor/yiisoft/yii2/web/Application.php(103): yii\base\Module->runAction('', Array)
#8 /var/www/opticatu/data/www/katoikonim.ru/vendor/yiisoft/yii2/base/Application.php(386): yii\web\Application->handleRequest(Object(yii\web\Request))
#9 /var/www/opticatu/data/www/katoikonim.ru/frontend/web/index.php(16): yii\base\Application->run()
#10 {main}
2020-08-07 11:55:58 [89.207.92.225][-][-][info][application] $_GET = []

$_POST = []

$_FILES = []

$_COOKIE = [
    '_csrf-frontend' => '4ab1b6951c3958ff6d2693a02f2f8ab0fad0ebcc7b09473a8885dd30f6129129a:2:{i:0;s:14:\"_csrf-frontend\";i:1;s:32:\"hXDvSyZiecdOo0I1BjcB-b7a2NF1Rj9V\";}'
]

$_SERVER = [
    'PATH' => '/usr/local/bin:/usr/bin:/bin'
    'TEMP' => '/tmp'
    'TMP' => '/tmp'
    'TMPDIR' => '/tmp'
    'PWD' => '/'
    'HTTP_ACCEPT' => 'text/html,application/xhtml+xml,application/xml;q=0.9,image/webp,*/*;q=0.8'
    'HTTP_ACCEPT_ENCODING' => 'gzip, deflate, br'
    'HTTP_ACCEPT_LANGUAGE' => 'ru-RU,ru;q=0.8,en-US;q=0.5,en;q=0.3'
    'HTTP_CONNECTION' => 'close'
    'CONTENT_LENGTH' => '0'
    'HTTP_COOKIE' => '_csrf-frontend=4ab1b6951c3958ff6d2693a02f2f8ab0fad0ebcc7b09473a8885dd30f6129129a%3A2%3A%7Bi%3A0%3Bs%3A14%3A%22_csrf-frontend%22%3Bi%3A1%3Bs%3A32%3A%22hXDvSyZiecdOo0I1BjcB-b7a2NF1Rj9V%22%3B%7D'
    'HTTP_HOST' => 'katoikonim.ru'
    'HTTP_USER_AGENT' => 'Mozilla/5.0 (Windows NT 10.0; Win64; x64; rv:79.0) Gecko/20100101 Firefox/79.0'
    'HTTP_CACHE_CONTROL' => 'max-age=0'
    'HTTP_X_FORWARDED_PROTO' => 'https'
    'HTTP_X_FORWARDED_PORT' => '443'
    'HTTP_UPGRADE_INSECURE_REQUESTS' => '1'
    'REDIRECT_REDIRECT_HTTPS' => 'on'
    'REDIRECT_REDIRECT_UNIQUE_ID' => 'Xy0XHkx-HLYZbU6Yps@MeQAAABE'
    'REDIRECT_REDIRECT_PERL5LIB' => '/usr/share/awstats/lib:/usr/share/awstats/plugins'
    'REDIRECT_REDIRECT_STATUS' => '200'
    'REDIRECT_HTTPS' => 'on'
    'REDIRECT_UNIQUE_ID' => 'Xy0XHkx-HLYZbU6Yps@MeQAAABE'
    'REDIRECT_PERL5LIB' => '/usr/share/awstats/lib:/usr/share/awstats/plugins'
    'REDIRECT_STATUS' => '200'
    'HTTPS' => 'on'
    'UNIQUE_ID' => 'Xy0XHkx-HLYZbU6Yps@MeQAAABE'
    'PERL5LIB' => '/usr/share/awstats/lib:/usr/share/awstats/plugins'
    'SERVER_SIGNATURE' => ''
    'SERVER_SOFTWARE' => 'Apache/2.4.6 () OpenSSL/1.0.2k-fips mod_fcgid/2.3.9 PHP/5.4.16'
    'SERVER_NAME' => 'katoikonim.ru'
    'SERVER_ADDR' => '127.0.0.1'
    'SERVER_PORT' => '80'
    'REMOTE_ADDR' => '89.207.92.225'
    'DOCUMENT_ROOT' => '/var/www/opticatu/data/www/katoikonim.ru'
    'REQUEST_SCHEME' => 'http'
    'CONTEXT_PREFIX' => ''
    'CONTEXT_DOCUMENT_ROOT' => '/var/www/opticatu/data/www/katoikonim.ru'
    'SERVER_ADMIN' => 'admin@katoikonim.ru'
    'SCRIPT_FILENAME' => '/var/www/opticatu/data/www/katoikonim.ru/frontend/web/index.php'
    'REMOTE_PORT' => '57062'
    'REDIRECT_URL' => '/frontend/web/cities'
    'SERVER_PROTOCOL' => 'HTTP/1.0'
    'REQUEST_METHOD' => 'GET'
    'QUERY_STRING' => ''
    'REQUEST_URI' => '/cities'
    'SCRIPT_NAME' => '/frontend/web/index.php'
    'PHP_SELF' => '/frontend/web/index.php'
    'REQUEST_TIME_FLOAT' => 1596790558.5895
    'REQUEST_TIME' => 1596790558
]
2020-08-07 11:55:59 [89.207.92.225][-][-][error][yii\base\ViewNotFoundException] yii\base\ViewNotFoundException: The view file does not exist: /var/www/opticatu/data/www/katoikonim.ru/views/site/index.php in /var/www/opticatu/data/www/katoikonim.ru/vendor/yiisoft/yii2/base/View.php:233
Stack trace:
#0 /var/www/opticatu/data/www/katoikonim.ru/vendor/yiisoft/yii2/base/View.php(156): yii\base\View->renderFile('/var/www/optica...', Array, Object(frontend\controllers\SiteController))
#1 /var/www/opticatu/data/www/katoikonim.ru/vendor/yiisoft/yii2/base/Controller.php(386): yii\base\View->render('index', Array, Object(frontend\controllers\SiteController))
#2 /var/www/opticatu/data/www/katoikonim.ru/frontend/controllers/SiteController.php(98): yii\base\Controller->render('index')
#3 [internal function]: frontend\controllers\SiteController->actionIndex()
#4 /var/www/opticatu/data/www/katoikonim.ru/vendor/yiisoft/yii2/base/InlineAction.php(57): call_user_func_array(Array, Array)
#5 /var/www/opticatu/data/www/katoikonim.ru/vendor/yiisoft/yii2/base/Controller.php(157): yii\base\InlineAction->runWithParams(Array)
#6 /var/www/opticatu/data/www/katoikonim.ru/vendor/yiisoft/yii2/base/Module.php(528): yii\base\Controller->runAction('', Array)
#7 /var/www/opticatu/data/www/katoikonim.ru/vendor/yiisoft/yii2/web/Application.php(103): yii\base\Module->runAction('', Array)
#8 /var/www/opticatu/data/www/katoikonim.ru/vendor/yiisoft/yii2/base/Application.php(386): yii\web\Application->handleRequest(Object(yii\web\Request))
#9 /var/www/opticatu/data/www/katoikonim.ru/frontend/web/index.php(16): yii\base\Application->run()
#10 {main}
2020-08-07 11:55:59 [89.207.92.225][-][-][info][application] $_GET = []

$_POST = []

$_FILES = []

$_COOKIE = [
    '_csrf-frontend' => '4ab1b6951c3958ff6d2693a02f2f8ab0fad0ebcc7b09473a8885dd30f6129129a:2:{i:0;s:14:\"_csrf-frontend\";i:1;s:32:\"hXDvSyZiecdOo0I1BjcB-b7a2NF1Rj9V\";}'
]

$_SERVER = [
    'PATH' => '/usr/local/bin:/usr/bin:/bin'
    'TEMP' => '/tmp'
    'TMP' => '/tmp'
    'TMPDIR' => '/tmp'
    'PWD' => '/'
    'HTTP_ACCEPT' => 'text/html,application/xhtml+xml,application/xml;q=0.9,image/webp,*/*;q=0.8'
    'HTTP_ACCEPT_ENCODING' => 'gzip, deflate, br'
    'HTTP_ACCEPT_LANGUAGE' => 'ru-RU,ru;q=0.8,en-US;q=0.5,en;q=0.3'
    'HTTP_CONNECTION' => 'close'
    'CONTENT_LENGTH' => '0'
    'HTTP_COOKIE' => '_csrf-frontend=4ab1b6951c3958ff6d2693a02f2f8ab0fad0ebcc7b09473a8885dd30f6129129a%3A2%3A%7Bi%3A0%3Bs%3A14%3A%22_csrf-frontend%22%3Bi%3A1%3Bs%3A32%3A%22hXDvSyZiecdOo0I1BjcB-b7a2NF1Rj9V%22%3B%7D'
    'HTTP_HOST' => 'katoikonim.ru'
    'HTTP_USER_AGENT' => 'Mozilla/5.0 (Windows NT 10.0; Win64; x64; rv:79.0) Gecko/20100101 Firefox/79.0'
    'HTTP_CACHE_CONTROL' => 'max-age=0'
    'HTTP_X_FORWARDED_PROTO' => 'https'
    'HTTP_X_FORWARDED_PORT' => '443'
    'HTTP_UPGRADE_INSECURE_REQUESTS' => '1'
    'REDIRECT_REDIRECT_HTTPS' => 'on'
    'REDIRECT_REDIRECT_UNIQUE_ID' => 'Xy0XH4HGB7DkqZpAl2BPowAAAAk'
    'REDIRECT_REDIRECT_PERL5LIB' => '/usr/share/awstats/lib:/usr/share/awstats/plugins'
    'REDIRECT_REDIRECT_STATUS' => '200'
    'REDIRECT_HTTPS' => 'on'
    'REDIRECT_UNIQUE_ID' => 'Xy0XH4HGB7DkqZpAl2BPowAAAAk'
    'REDIRECT_PERL5LIB' => '/usr/share/awstats/lib:/usr/share/awstats/plugins'
    'REDIRECT_STATUS' => '200'
    'HTTPS' => 'on'
    'UNIQUE_ID' => 'Xy0XH4HGB7DkqZpAl2BPowAAAAk'
    'PERL5LIB' => '/usr/share/awstats/lib:/usr/share/awstats/plugins'
    'SERVER_SIGNATURE' => ''
    'SERVER_SOFTWARE' => 'Apache/2.4.6 () OpenSSL/1.0.2k-fips mod_fcgid/2.3.9 PHP/5.4.16'
    'SERVER_NAME' => 'katoikonim.ru'
    'SERVER_ADDR' => '127.0.0.1'
    'SERVER_PORT' => '80'
    'REMOTE_ADDR' => '89.207.92.225'
    'DOCUMENT_ROOT' => '/var/www/opticatu/data/www/katoikonim.ru'
    'REQUEST_SCHEME' => 'http'
    'CONTEXT_PREFIX' => ''
    'CONTEXT_DOCUMENT_ROOT' => '/var/www/opticatu/data/www/katoikonim.ru'
    'SERVER_ADMIN' => 'admin@katoikonim.ru'
    'SCRIPT_FILENAME' => '/var/www/opticatu/data/www/katoikonim.ru/frontend/web/index.php'
    'REMOTE_PORT' => '57110'
    'REDIRECT_URL' => '/frontend/web/cities'
    'SERVER_PROTOCOL' => 'HTTP/1.0'
    'REQUEST_METHOD' => 'GET'
    'QUERY_STRING' => ''
    'REQUEST_URI' => '/cities'
    'SCRIPT_NAME' => '/frontend/web/index.php'
    'PHP_SELF' => '/frontend/web/index.php'
    'REQUEST_TIME_FLOAT' => 1596790559.2198
    'REQUEST_TIME' => 1596790559
]
2020-08-07 11:55:59 [89.207.92.225][-][-][error][yii\base\ViewNotFoundException] yii\base\ViewNotFoundException: The view file does not exist: /var/www/opticatu/data/www/katoikonim.ru/views/site/index.php in /var/www/opticatu/data/www/katoikonim.ru/vendor/yiisoft/yii2/base/View.php:233
Stack trace:
#0 /var/www/opticatu/data/www/katoikonim.ru/vendor/yiisoft/yii2/base/View.php(156): yii\base\View->renderFile('/var/www/optica...', Array, Object(frontend\controllers\SiteController))
#1 /var/www/opticatu/data/www/katoikonim.ru/vendor/yiisoft/yii2/base/Controller.php(386): yii\base\View->render('index', Array, Object(frontend\controllers\SiteController))
#2 /var/www/opticatu/data/www/katoikonim.ru/frontend/controllers/SiteController.php(98): yii\base\Controller->render('index')
#3 [internal function]: frontend\controllers\SiteController->actionIndex()
#4 /var/www/opticatu/data/www/katoikonim.ru/vendor/yiisoft/yii2/base/InlineAction.php(57): call_user_func_array(Array, Array)
#5 /var/www/opticatu/data/www/katoikonim.ru/vendor/yiisoft/yii2/base/Controller.php(157): yii\base\InlineAction->runWithParams(Array)
#6 /var/www/opticatu/data/www/katoikonim.ru/vendor/yiisoft/yii2/base/Module.php(528): yii\base\Controller->runAction('', Array)
#7 /var/www/opticatu/data/www/katoikonim.ru/vendor/yiisoft/yii2/web/Application.php(103): yii\base\Module->runAction('', Array)
#8 /var/www/opticatu/data/www/katoikonim.ru/vendor/yiisoft/yii2/base/Application.php(386): yii\web\Application->handleRequest(Object(yii\web\Request))
#9 /var/www/opticatu/data/www/katoikonim.ru/frontend/web/index.php(16): yii\base\Application->run()
#10 {main}
2020-08-07 11:55:59 [89.207.92.225][-][-][info][application] $_GET = []

$_POST = []

$_FILES = []

$_COOKIE = [
    '_csrf-frontend' => '4ab1b6951c3958ff6d2693a02f2f8ab0fad0ebcc7b09473a8885dd30f6129129a:2:{i:0;s:14:\"_csrf-frontend\";i:1;s:32:\"hXDvSyZiecdOo0I1BjcB-b7a2NF1Rj9V\";}'
]

$_SERVER = [
    'PATH' => '/usr/local/bin:/usr/bin:/bin'
    'TEMP' => '/tmp'
    'TMP' => '/tmp'
    'TMPDIR' => '/tmp'
    'PWD' => '/'
    'HTTP_ACCEPT' => 'text/html,application/xhtml+xml,application/xml;q=0.9,image/webp,*/*;q=0.8'
    'HTTP_ACCEPT_ENCODING' => 'gzip, deflate, br'
    'HTTP_ACCEPT_LANGUAGE' => 'ru-RU,ru;q=0.8,en-US;q=0.5,en;q=0.3'
    'HTTP_CONNECTION' => 'close'
    'CONTENT_LENGTH' => '0'
    'HTTP_COOKIE' => '_csrf-frontend=4ab1b6951c3958ff6d2693a02f2f8ab0fad0ebcc7b09473a8885dd30f6129129a%3A2%3A%7Bi%3A0%3Bs%3A14%3A%22_csrf-frontend%22%3Bi%3A1%3Bs%3A32%3A%22hXDvSyZiecdOo0I1BjcB-b7a2NF1Rj9V%22%3B%7D'
    'HTTP_HOST' => 'katoikonim.ru'
    'HTTP_USER_AGENT' => 'Mozilla/5.0 (Windows NT 10.0; Win64; x64; rv:79.0) Gecko/20100101 Firefox/79.0'
    'HTTP_CACHE_CONTROL' => 'max-age=0'
    'HTTP_X_FORWARDED_PROTO' => 'https'
    'HTTP_X_FORWARDED_PORT' => '443'
    'HTTP_UPGRADE_INSECURE_REQUESTS' => '1'
    'REDIRECT_REDIRECT_HTTPS' => 'on'
    'REDIRECT_REDIRECT_UNIQUE_ID' => 'Xy0XH7zE310jm@ddz7WPHQAAAAU'
    'REDIRECT_REDIRECT_PERL5LIB' => '/usr/share/awstats/lib:/usr/share/awstats/plugins'
    'REDIRECT_REDIRECT_STATUS' => '200'
    'REDIRECT_HTTPS' => 'on'
    'REDIRECT_UNIQUE_ID' => 'Xy0XH7zE310jm@ddz7WPHQAAAAU'
    'REDIRECT_PERL5LIB' => '/usr/share/awstats/lib:/usr/share/awstats/plugins'
    'REDIRECT_STATUS' => '200'
    'HTTPS' => 'on'
    'UNIQUE_ID' => 'Xy0XH7zE310jm@ddz7WPHQAAAAU'
    'PERL5LIB' => '/usr/share/awstats/lib:/usr/share/awstats/plugins'
    'SERVER_SIGNATURE' => ''
    'SERVER_SOFTWARE' => 'Apache/2.4.6 () OpenSSL/1.0.2k-fips mod_fcgid/2.3.9 PHP/5.4.16'
    'SERVER_NAME' => 'katoikonim.ru'
    'SERVER_ADDR' => '127.0.0.1'
    'SERVER_PORT' => '80'
    'REMOTE_ADDR' => '89.207.92.225'
    'DOCUMENT_ROOT' => '/var/www/opticatu/data/www/katoikonim.ru'
    'REQUEST_SCHEME' => 'http'
    'CONTEXT_PREFIX' => ''
    'CONTEXT_DOCUMENT_ROOT' => '/var/www/opticatu/data/www/katoikonim.ru'
    'SERVER_ADMIN' => 'admin@katoikonim.ru'
    'SCRIPT_FILENAME' => '/var/www/opticatu/data/www/katoikonim.ru/frontend/web/index.php'
    'REMOTE_PORT' => '57128'
    'REDIRECT_URL' => '/frontend/web/cities'
    'SERVER_PROTOCOL' => 'HTTP/1.0'
    'REQUEST_METHOD' => 'GET'
    'QUERY_STRING' => ''
    'REQUEST_URI' => '/cities'
    'SCRIPT_NAME' => '/frontend/web/index.php'
    'PHP_SELF' => '/frontend/web/index.php'
    'REQUEST_TIME_FLOAT' => 1596790559.3848
    'REQUEST_TIME' => 1596790559
]
2020-08-07 11:55:59 [89.207.92.225][-][-][error][yii\base\ViewNotFoundException] yii\base\ViewNotFoundException: The view file does not exist: /var/www/opticatu/data/www/katoikonim.ru/views/site/index.php in /var/www/opticatu/data/www/katoikonim.ru/vendor/yiisoft/yii2/base/View.php:233
Stack trace:
#0 /var/www/opticatu/data/www/katoikonim.ru/vendor/yiisoft/yii2/base/View.php(156): yii\base\View->renderFile('/var/www/optica...', Array, Object(frontend\controllers\SiteController))
#1 /var/www/opticatu/data/www/katoikonim.ru/vendor/yiisoft/yii2/base/Controller.php(386): yii\base\View->render('index', Array, Object(frontend\controllers\SiteController))
#2 /var/www/opticatu/data/www/katoikonim.ru/frontend/controllers/SiteController.php(98): yii\base\Controller->render('index')
#3 [internal function]: frontend\controllers\SiteController->actionIndex()
#4 /var/www/opticatu/data/www/katoikonim.ru/vendor/yiisoft/yii2/base/InlineAction.php(57): call_user_func_array(Array, Array)
#5 /var/www/opticatu/data/www/katoikonim.ru/vendor/yiisoft/yii2/base/Controller.php(157): yii\base\InlineAction->runWithParams(Array)
#6 /var/www/opticatu/data/www/katoikonim.ru/vendor/yiisoft/yii2/base/Module.php(528): yii\base\Controller->runAction('', Array)
#7 /var/www/opticatu/data/www/katoikonim.ru/vendor/yiisoft/yii2/web/Application.php(103): yii\base\Module->runAction('', Array)
#8 /var/www/opticatu/data/www/katoikonim.ru/vendor/yiisoft/yii2/base/Application.php(386): yii\web\Application->handleRequest(Object(yii\web\Request))
#9 /var/www/opticatu/data/www/katoikonim.ru/frontend/web/index.php(16): yii\base\Application->run()
#10 {main}
2020-08-07 11:55:59 [89.207.92.225][-][-][info][application] $_GET = []

$_POST = []

$_FILES = []

$_COOKIE = [
    '_csrf-frontend' => '4ab1b6951c3958ff6d2693a02f2f8ab0fad0ebcc7b09473a8885dd30f6129129a:2:{i:0;s:14:\"_csrf-frontend\";i:1;s:32:\"hXDvSyZiecdOo0I1BjcB-b7a2NF1Rj9V\";}'
]

$_SERVER = [
    'PATH' => '/usr/local/bin:/usr/bin:/bin'
    'TEMP' => '/tmp'
    'TMP' => '/tmp'
    'TMPDIR' => '/tmp'
    'PWD' => '/'
    'HTTP_ACCEPT' => 'text/html,application/xhtml+xml,application/xml;q=0.9,image/webp,*/*;q=0.8'
    'HTTP_ACCEPT_ENCODING' => 'gzip, deflate, br'
    'HTTP_ACCEPT_LANGUAGE' => 'ru-RU,ru;q=0.8,en-US;q=0.5,en;q=0.3'
    'HTTP_CONNECTION' => 'close'
    'CONTENT_LENGTH' => '0'
    'HTTP_COOKIE' => '_csrf-frontend=4ab1b6951c3958ff6d2693a02f2f8ab0fad0ebcc7b09473a8885dd30f6129129a%3A2%3A%7Bi%3A0%3Bs%3A14%3A%22_csrf-frontend%22%3Bi%3A1%3Bs%3A32%3A%22hXDvSyZiecdOo0I1BjcB-b7a2NF1Rj9V%22%3B%7D'
    'HTTP_HOST' => 'katoikonim.ru'
    'HTTP_USER_AGENT' => 'Mozilla/5.0 (Windows NT 10.0; Win64; x64; rv:79.0) Gecko/20100101 Firefox/79.0'
    'HTTP_CACHE_CONTROL' => 'max-age=0'
    'HTTP_X_FORWARDED_PROTO' => 'https'
    'HTTP_X_FORWARDED_PORT' => '443'
    'HTTP_UPGRADE_INSECURE_REQUESTS' => '1'
    'REDIRECT_REDIRECT_HTTPS' => 'on'
    'REDIRECT_REDIRECT_UNIQUE_ID' => 'Xy0XH3WkhhXCQfeUNG7ceQAAAB4'
    'REDIRECT_REDIRECT_PERL5LIB' => '/usr/share/awstats/lib:/usr/share/awstats/plugins'
    'REDIRECT_REDIRECT_STATUS' => '200'
    'REDIRECT_HTTPS' => 'on'
    'REDIRECT_UNIQUE_ID' => 'Xy0XH3WkhhXCQfeUNG7ceQAAAB4'
    'REDIRECT_PERL5LIB' => '/usr/share/awstats/lib:/usr/share/awstats/plugins'
    'REDIRECT_STATUS' => '200'
    'HTTPS' => 'on'
    'UNIQUE_ID' => 'Xy0XH3WkhhXCQfeUNG7ceQAAAB4'
    'PERL5LIB' => '/usr/share/awstats/lib:/usr/share/awstats/plugins'
    'SERVER_SIGNATURE' => ''
    'SERVER_SOFTWARE' => 'Apache/2.4.6 () OpenSSL/1.0.2k-fips mod_fcgid/2.3.9 PHP/5.4.16'
    'SERVER_NAME' => 'katoikonim.ru'
    'SERVER_ADDR' => '127.0.0.1'
    'SERVER_PORT' => '80'
    'REMOTE_ADDR' => '89.207.92.225'
    'DOCUMENT_ROOT' => '/var/www/opticatu/data/www/katoikonim.ru'
    'REQUEST_SCHEME' => 'http'
    'CONTEXT_PREFIX' => ''
    'CONTEXT_DOCUMENT_ROOT' => '/var/www/opticatu/data/www/katoikonim.ru'
    'SERVER_ADMIN' => 'admin@katoikonim.ru'
    'SCRIPT_FILENAME' => '/var/www/opticatu/data/www/katoikonim.ru/frontend/web/index.php'
    'REMOTE_PORT' => '57142'
    'REDIRECT_URL' => '/frontend/web/cities'
    'SERVER_PROTOCOL' => 'HTTP/1.0'
    'REQUEST_METHOD' => 'GET'
    'QUERY_STRING' => ''
    'REQUEST_URI' => '/cities'
    'SCRIPT_NAME' => '/frontend/web/index.php'
    'PHP_SELF' => '/frontend/web/index.php'
    'REQUEST_TIME_FLOAT' => 1596790559.652
    'REQUEST_TIME' => 1596790559
]
